Feb 4, 2014 8:48:44 PM com.gamelib.helpers.LogHelper createLog
INFO: Create account is requested from 182.163.163.8

Feb 4, 2014 8:48:44 PM com.gamelib.helpers.LogHelper createLog
INFO: Account successfully created with username : viveksar

Feb 4, 2014 8:50:51 PM com.gamelib.helpers.LogHelper createLog
INFO: Sign in request from 182.167.153.11 with username : viveksar

Feb 4, 2014 8:50:51 PM com.gamelib.helpers.LogHelper createLog
INFO: Sign in successfully

Feb 4, 2014 9:22:14 PM com.gamelib.helpers.LogHelper createLog
INFO: Create account is requested from 182.7.130.23

Feb 4, 2014 9:22:14 PM com.gamelib.helpers.LogHelper createLog
INFO: Account successfully created with username : anujavai

Feb 4, 2014 9:22:28 PM com.gamelib.helpers.LogHelper createLog
INFO: Sign in request from 182.26.173.13 with username : anujavai

Feb 4, 2014 9:22:28 PM com.gamelib.helpers.LogHelper createLog
INFO: Sign in successfully

Feb 4, 2014 9:24:34 PM com.gamelib.helpers.LogHelper createLog
INFO: Sign out request from 182.34.19.6 with username : anujavai

Feb 4, 2014 9:24:34 PM com.gamelib.helpers.LogHelper createLog
INFO: Sign out successfully

