Feb 4, 2014 8:47:40 PM com.gamelib.helpers.LogHelper createLog
INFO: Create account is requested from 93.243.179.14

Feb 4, 2014 8:47:40 PM com.gamelib.helpers.LogHelper createLog
INFO: Account successfully created with username : rajtamakuwala

Feb 4, 2014 8:48:02 PM com.gamelib.helpers.LogHelper createLog
INFO: Create account is requested from 93.168.52.12

Feb 4, 2014 8:48:02 PM com.gamelib.helpers.LogHelper createLog
INFO: Account successfully created with username : ankurtr

Feb 4, 2014 8:48:27 PM com.gamelib.helpers.LogHelper createLog
INFO: Create account is requested from 93.164.201.7

Feb 4, 2014 8:48:27 PM com.gamelib.helpers.LogHelper createLog
INFO: Account successfully created with username : zanzmera

Feb 4, 2014 8:49:12 PM com.gamelib.helpers.LogHelper createLog
INFO: Create account is requested from 93.9.150.6

Feb 4, 2014 8:49:12 PM com.gamelib.helpers.LogHelper createLog
INFO: Account successfully created with username : ultimate

Feb 4, 2014 8:50:39 PM com.gamelib.helpers.LogHelper createLog
INFO: Sign in request from 93.157.97.23 with username : zanzmera

Feb 4, 2014 8:50:39 PM com.gamelib.helpers.LogHelper createLog
INFO: Sign in successfully

Feb 4, 2014 8:51:00 PM com.gamelib.helpers.LogHelper createLog
INFO: Administartion sent player status request from : 93.193.176.23

