Feb 4, 2014 8:46:13 PM com.gamelib.helpers.LogHelper createLog
INFO: Create account is requested from 132.82.136.6

Feb 4, 2014 8:46:13 PM com.gamelib.helpers.LogHelper createLog
INFO: Account successfully created with username : chintan

Feb 4, 2014 8:46:37 PM com.gamelib.helpers.LogHelper createLog
INFO: Create account is requested from 132.2.200.5

Feb 4, 2014 8:46:37 PM com.gamelib.helpers.LogHelper createLog
INFO: Account successfully created with username : rahulsolanki

Feb 4, 2014 8:46:50 PM com.gamelib.helpers.LogHelper createLog
INFO: Create account is requested from 132.175.87.12

Feb 4, 2014 8:46:50 PM com.gamelib.helpers.LogHelper createLog
INFO: Account successfully created with username : shashank

Feb 4, 2014 8:50:12 PM com.gamelib.helpers.LogHelper createLog
INFO: Administartion sent player status request from : 132.214.50.6

Feb 4, 2014 8:50:27 PM com.gamelib.helpers.LogHelper createLog
INFO: Sign in request from 132.169.252.17 with username : chintan

Feb 4, 2014 8:50:27 PM com.gamelib.helpers.LogHelper createLog
INFO: Sign in successfully

Feb 4, 2014 9:23:24 PM com.gamelib.helpers.LogHelper createLog
INFO: Administartion sent player status request from : 132.214.31.7

Feb 4, 2014 9:24:43 PM com.gamelib.helpers.LogHelper createLog
INFO: Administartion sent player status request from : 132.86.55.14

Feb 4, 2014 9:25:04 PM com.gamelib.helpers.LogHelper createLog
INFO: Create account is requested from 132.182.50.5

Feb 4, 2014 9:25:04 PM com.gamelib.helpers.LogHelper createLog
INFO: Create account is requested from 132.167.56.6

Feb 4, 2014 9:25:04 PM com.gamelib.helpers.LogHelper createLog
INFO: Create account is requested from 132.110.32.23

Feb 4, 2014 9:25:04 PM com.gamelib.helpers.LogHelper createLog
INFO: Create account is requested from 132.0.197.8

Feb 4, 2014 9:25:04 PM com.gamelib.helpers.LogHelper createLog
INFO: Create account is requested from 132.89.135.20

Feb 4, 2014 9:25:04 PM com.gamelib.helpers.LogHelper createLog
INFO: Create account is requested from 132.163.118.19

Feb 4, 2014 9:25:04 PM com.gamelib.helpers.LogHelper createLog
INFO: Account successfully created. 

Feb 4, 2014 9:25:04 PM com.gamelib.helpers.LogHelper createLog
INFO: Create account is requested from 132.232.205.15

Feb 4, 2014 9:25:04 PM com.gamelib.helpers.LogHelper createLog
INFO: Account successfully created with username : Thread-10

Feb 4, 2014 9:25:04 PM com.gamelib.helpers.LogHelper createLog
INFO: Account successfully created with username : Thread-9

Feb 4, 2014 9:25:04 PM com.gamelib.helpers.LogHelper createLog
INFO: Account successfully created with username : Thread-3

Feb 4, 2014 9:25:04 PM com.gamelib.helpers.LogHelper createLog
INFO: Account successfully created with username : Thread-7

Feb 4, 2014 9:25:04 PM com.gamelib.helpers.LogHelper createLog
INFO: Account successfully created with username : Thread-5

Feb 4, 2014 9:25:04 PM com.gamelib.helpers.LogHelper createLog
INFO: Account successfully created with username : Thread-2

Feb 4, 2014 9:25:04 PM com.gamelib.helpers.LogHelper createLog
INFO: Account successfully created with username : Thread-1

Feb 4, 2014 9:25:04 PM com.gamelib.helpers.LogHelper createLog
INFO: Account successfully created with username : Thread-4

Feb 4, 2014 9:25:04 PM com.gamelib.helpers.LogHelper createLog
INFO: Account successfully created with username : Thread-6

Feb 4, 2014 9:25:04 PM com.gamelib.helpers.LogHelper createLog
INFO: Account successfully created with username : Thread-8

